-------------------------------------------------------------------------------
Test set: br.com.mentorama.exceptions.ExceptionsApplicationTests
-------------------------------------------------------------------------------
Tests run: 1, Failures: 0, Errors: 1, Skipped: 0, Time elapsed: 0.285 s <<< FAILURE! - in br.com.mentorama.exceptions.ExceptionsApplicationTests
br.com.mentorama.exceptions.ExceptionsApplicationTests  Time elapsed: 0.284 s  <<< ERROR!
java.lang.IllegalStateException: Unable to find a @SpringBootConfiguration, you need to use @ContextConfiguration or @SpringBootTest(classes=...) with your test

